The system is: Darwin - 20.6.0 - x86_64
Compiling the C compiler identification source file "CMakeCCompilerId.c" succeeded.
Compiler: /Applications/Xcode_13.2.1.app/Contents/Developer/Toolchains/XcodeDefault.xctoolchain/usr/bin/cc 
Build flags: 
Id flags: -c 

The output was:
0


Compilation of the C compiler identification source "CMakeCCompilerId.c" produced "CMakeCCompilerId.o"

The C compiler identification is AppleClang, found in "/Users/runner/work/omega-edit/omega-edit/build/CMakeFiles/3.22.2/CompilerIdC/CMakeCCompilerId.o"

Compiling the CXX compiler identification source file "CMakeCXXCompilerId.cpp" succeeded.
Compiler: /Applications/Xcode_13.2.1.app/Contents/Developer/Toolchains/XcodeDefault.xctoolchain/usr/bin/c++ 
Build flags: 
Id flags: -c 

The output was:
0


Compilation of the CXX compiler identification source "CMakeCXXCompilerId.cpp" produced "CMakeCXXCompilerId.o"

The CXX compiler identification is AppleClang, found in "/Users/runner/work/omega-edit/omega-edit/build/CMakeFiles/3.22.2/CompilerIdCXX/CMakeCXXCompilerId.o"

Detecting C compiler ABI info compiled with the following output:
Change Dir: /Users/runner/work/omega-edit/omega-edit/build/CMakeFiles/CMakeTmp

Run Build Command(s):/usr/bin/make -f Makefile cmTC_7bfc4/fast && /Applications/Xcode_13.2.1.app/Contents/Developer/usr/bin/make  -f CMakeFiles/cmTC_7bfc4.dir/build.make CMakeFiles/cmTC_7bfc4.dir/build
Building C object CMakeFiles/cmTC_7bfc4.dir/CMakeCCompilerABI.c.o
/Applications/Xcode_13.2.1.app/Contents/Developer/Toolchains/XcodeDefault.xctoolchain/usr/bin/cc   -isysroot /Applications/Xcode_13.2.1.app/Contents/Developer/Platforms/MacOSX.platform/Developer/SDKs/MacOSX12.1.sdk -mmacosx-version-min=11.6   -v -Wl,-v -MD -MT CMakeFiles/cmTC_7bfc4.dir/CMakeCCompilerABI.c.o -MF CMakeFiles/cmTC_7bfc4.dir/CMakeCCompilerABI.c.o.d -o CMakeFiles/cmTC_7bfc4.dir/CMakeCCompilerABI.c.o -c /Users/runner/work/_temp/504157251/cmake-3.22.2-macos-universal/CMake.app/Contents/share/cmake-3.22/Modules/CMakeCCompilerABI.c
Apple clang version 13.0.0 (clang-1300.0.29.30)
Target: x86_64-apple-darwin20.6.0
Thread model: posix
InstalledDir: /Applications/Xcode_13.2.1.app/Contents/Developer/Toolchains/XcodeDefault.xctoolchain/usr/bin
clang: warning: -Wl,-v: 'linker' input unused [-Wunused-command-line-argument]
 "/Applications/Xcode_13.2.1.app/Contents/Developer/Toolchains/XcodeDefault.xctoolchain/usr/bin/clang" -cc1 -triple x86_64-apple-macosx11.6.0 -Wundef-prefix=TARGET_OS_ -Wdeprecated-objc-isa-usage -Werror=deprecated-objc-isa-usage -Werror=implicit-function-declaration -emit-obj -mrelax-all --mrelax-relocations -disable-free -disable-llvm-verifier -discard-value-names -main-file-name CMakeCCompilerABI.c -mrelocation-model pic -pic-level 2 -mframe-pointer=all -fno-strict-return -fno-rounding-math -munwind-tables -target-sdk-version=12.1 -fvisibility-inlines-hidden-static-local-var -target-cpu penryn -tune-cpu generic -debugger-tuning=lldb -target-linker-version 711 -v -resource-dir /Applications/Xcode_13.2.1.app/Contents/Developer/Toolchains/XcodeDefault.xctoolchain/usr/lib/clang/13.0.0 -dependency-file CMakeFiles/cmTC_7bfc4.dir/CMakeCCompilerABI.c.o.d -skip-unused-modulemap-deps -MT CMakeFiles/cmTC_7bfc4.dir/CMakeCCompilerABI.c.o -sys-header-deps -isysroot /Applications/Xcode_13.2.1.app/Contents/Developer/Platforms/MacOSX.platform/Developer/SDKs/MacOSX12.1.sdk -internal-isystem /Applications/Xcode_13.2.1.app/Contents/Developer/Platforms/MacOSX.platform/Developer/SDKs/MacOSX12.1.sdk/usr/local/include -internal-isystem /Applications/Xcode_13.2.1.app/Contents/Developer/Toolchains/XcodeDefault.xctoolchain/usr/lib/clang/13.0.0/include -internal-externc-isystem /Applications/Xcode_13.2.1.app/Contents/Developer/Platforms/MacOSX.platform/Developer/SDKs/MacOSX12.1.sdk/usr/include -internal-externc-isystem /Applications/Xcode_13.2.1.app/Contents/Developer/Toolchains/XcodeDefault.xctoolchain/usr/include -Wno-reorder-init-list -Wno-implicit-int-float-conversion -Wno-c99-designator -Wno-final-dtor-non-final-class -Wno-extra-semi-stmt -Wno-misleading-indentation -Wno-quoted-include-in-framework-header -Wno-implicit-fallthrough -Wno-enum-enum-conversion -Wno-enum-float-conversion -Wno-elaborated-enum-base -fdebug-compilation-dir /Users/runner/work/omega-edit/omega-edit/build/CMakeFiles/CMakeTmp -ferror-limit 19 -stack-protector 1 -fstack-check -mdarwin-stkchk-strong-link -fblocks -fencode-extended-block-signature -fregister-global-dtors-with-atexit -fgnuc-version=4.2.1 -fmax-type-align=16 -fcommon -clang-vendor-feature=+nullptrToBoolConversion -clang-vendor-feature=+messageToSelfInClassMethodIdReturnType -clang-vendor-feature=+disableInferNewAvailabilityFromInit -clang-vendor-feature=+disableNeonImmediateRangeCheck -clang-vendor-feature=+disableNonDependentMemberExprInCurrentInstantiation -fno-odr-hash-protocols -clang-vendor-feature=+revert09abecef7bbf -mllvm -disable-aligned-alloc-awareness=1 -mllvm -enable-dse-memoryssa=0 -o CMakeFiles/cmTC_7bfc4.dir/CMakeCCompilerABI.c.o -x c /Users/runner/work/_temp/504157251/cmake-3.22.2-macos-universal/CMake.app/Contents/share/cmake-3.22/Modules/CMakeCCompilerABI.c
clang -cc1 version 13.0.0 (clang-1300.0.29.30) default target x86_64-apple-darwin20.6.0
ignoring nonexistent directory "/Applications/Xcode_13.2.1.app/Contents/Developer/Platforms/MacOSX.platform/Developer/SDKs/MacOSX12.1.sdk/usr/local/include"
ignoring nonexistent directory "/Applications/Xcode_13.2.1.app/Contents/Developer/Platforms/MacOSX.platform/Developer/SDKs/MacOSX12.1.sdk/Library/Frameworks"
#include "..." search starts here:
#include <...> search starts here:
 /Applications/Xcode_13.2.1.app/Contents/Developer/Toolchains/XcodeDefault.xctoolchain/usr/lib/clang/13.0.0/include
 /Applications/Xcode_13.2.1.app/Contents/Developer/Platforms/MacOSX.platform/Developer/SDKs/MacOSX12.1.sdk/usr/include
 /Applications/Xcode_13.2.1.app/Contents/Developer/Toolchains/XcodeDefault.xctoolchain/usr/include
 /Applications/Xcode_13.2.1.app/Contents/Developer/Platforms/MacOSX.platform/Developer/SDKs/MacOSX12.1.sdk/System/Library/Frameworks (framework directory)
End of search list.
Linking C executable cmTC_7bfc4
/Users/runner/work/_temp/504157251/cmake-3.22.2-macos-universal/CMake.app/Contents/bin/cmake -E cmake_link_script CMakeFiles/cmTC_7bfc4.dir/link.txt --verbose=1
/Applications/Xcode_13.2.1.app/Contents/Developer/Toolchains/XcodeDefault.xctoolchain/usr/bin/cc  -isysroot /Applications/Xcode_13.2.1.app/Contents/Developer/Platforms/MacOSX.platform/Developer/SDKs/MacOSX12.1.sdk -mmacosx-version-min=11.6 -Wl,-search_paths_first -Wl,-headerpad_max_install_names  -v -Wl,-v CMakeFiles/cmTC_7bfc4.dir/CMakeCCompilerABI.c.o -o cmTC_7bfc4 
Apple clang version 13.0.0 (clang-1300.0.29.30)
Target: x86_64-apple-darwin20.6.0
Thread model: posix
InstalledDir: /Applications/Xcode_13.2.1.app/Contents/Developer/Toolchains/XcodeDefault.xctoolchain/usr/bin
 "/Applications/Xcode_13.2.1.app/Contents/Developer/Toolchains/XcodeDefault.xctoolchain/usr/bin/ld" -demangle -lto_library /Applications/Xcode_13.2.1.app/Contents/Developer/Toolchains/XcodeDefault.xctoolchain/usr/lib/libLTO.dylib -dynamic -arch x86_64 -platform_version macos 11.6.0 12.1 -syslibroot /Applications/Xcode_13.2.1.app/Contents/Developer/Platforms/MacOSX.platform/Developer/SDKs/MacOSX12.1.sdk -o cmTC_7bfc4 -search_paths_first -headerpad_max_install_names -v CMakeFiles/cmTC_7bfc4.dir/CMakeCCompilerABI.c.o -lSystem /Applications/Xcode_13.2.1.app/Contents/Developer/Toolchains/XcodeDefault.xctoolchain/usr/lib/clang/13.0.0/lib/darwin/libclang_rt.osx.a
@(#)PROGRAM:ld  PROJECT:ld64-711
BUILD 21:57:11 Nov 17 2021
configured to support archs: armv6 armv7 armv7s arm64 arm64e arm64_32 i386 x86_64 x86_64h armv6m armv7k armv7m armv7em
Library search paths:
	/Applications/Xcode_13.2.1.app/Contents/Developer/Platforms/MacOSX.platform/Developer/SDKs/MacOSX12.1.sdk/usr/lib
Framework search paths:
	/Applications/Xcode_13.2.1.app/Contents/Developer/Platforms/MacOSX.platform/Developer/SDKs/MacOSX12.1.sdk/System/Library/Frameworks/



Parsed C implicit include dir info from above output: rv=done
  found start of include info
  found start of implicit include info
    add: [/Applications/Xcode_13.2.1.app/Contents/Developer/Toolchains/XcodeDefault.xctoolchain/usr/lib/clang/13.0.0/include]
    add: [/Applications/Xcode_13.2.1.app/Contents/Developer/Platforms/MacOSX.platform/Developer/SDKs/MacOSX12.1.sdk/usr/include]
    add: [/Applications/Xcode_13.2.1.app/Contents/Developer/Toolchains/XcodeDefault.xctoolchain/usr/include]
  end of search list found
  collapse include dir [/Applications/Xcode_13.2.1.app/Contents/Developer/Toolchains/XcodeDefault.xctoolchain/usr/lib/clang/13.0.0/include] ==> [/Applications/Xcode_13.2.1.app/Contents/Developer/Toolchains/XcodeDefault.xctoolchain/usr/lib/clang/13.0.0/include]
  collapse include dir [/Applications/Xcode_13.2.1.app/Contents/Developer/Platforms/MacOSX.platform/Developer/SDKs/MacOSX12.1.sdk/usr/include] ==> [/Applications/Xcode_13.2.1.app/Contents/Developer/Platforms/MacOSX.platform/Developer/SDKs/MacOSX12.1.sdk/usr/include]
  collapse include dir [/Applications/Xcode_13.2.1.app/Contents/Developer/Toolchains/XcodeDefault.xctoolchain/usr/include] ==> [/Applications/Xcode_13.2.1.app/Contents/Developer/Toolchains/XcodeDefault.xctoolchain/usr/include]
  implicit include dirs: [/Applications/Xcode_13.2.1.app/Contents/Developer/Toolchains/XcodeDefault.xctoolchain/usr/lib/clang/13.0.0/include;/Applications/Xcode_13.2.1.app/Contents/Developer/Platforms/MacOSX.platform/Developer/SDKs/MacOSX12.1.sdk/usr/include;/Applications/Xcode_13.2.1.app/Contents/Developer/Toolchains/XcodeDefault.xctoolchain/usr/include]


Parsed C implicit link information from above output:
  link line regex: [^( *|.*[/\])(ld|CMAKE_LINK_STARTFILE-NOTFOUND|([^/\]+-)?ld|collect2)[^/\]*( |$)]
  ignore line: [Change Dir: /Users/runner/work/omega-edit/omega-edit/build/CMakeFiles/CMakeTmp]
  ignore line: []
  ignore line: [Run Build Command(s):/usr/bin/make -f Makefile cmTC_7bfc4/fast && /Applications/Xcode_13.2.1.app/Contents/Developer/usr/bin/make  -f CMakeFiles/cmTC_7bfc4.dir/build.make CMakeFiles/cmTC_7bfc4.dir/build]
  ignore line: [Building C object CMakeFiles/cmTC_7bfc4.dir/CMakeCCompilerABI.c.o]
  ignore line: [/Applications/Xcode_13.2.1.app/Contents/Developer/Toolchains/XcodeDefault.xctoolchain/usr/bin/cc   -isysroot /Applications/Xcode_13.2.1.app/Contents/Developer/Platforms/MacOSX.platform/Developer/SDKs/MacOSX12.1.sdk -mmacosx-version-min=11.6   -v -Wl -v -MD -MT CMakeFiles/cmTC_7bfc4.dir/CMakeCCompilerABI.c.o -MF CMakeFiles/cmTC_7bfc4.dir/CMakeCCompilerABI.c.o.d -o CMakeFiles/cmTC_7bfc4.dir/CMakeCCompilerABI.c.o -c /Users/runner/work/_temp/504157251/cmake-3.22.2-macos-universal/CMake.app/Contents/share/cmake-3.22/Modules/CMakeCCompilerABI.c]
  ignore line: [Apple clang version 13.0.0 (clang-1300.0.29.30)]
  ignore line: [Target: x86_64-apple-darwin20.6.0]
  ignore line: [Thread model: posix]
  ignore line: [InstalledDir: /Applications/Xcode_13.2.1.app/Contents/Developer/Toolchains/XcodeDefault.xctoolchain/usr/bin]
  ignore line: [clang: warning: -Wl -v: 'linker' input unused [-Wunused-command-line-argument]]
  ignore line: [ "/Applications/Xcode_13.2.1.app/Contents/Developer/Toolchains/XcodeDefault.xctoolchain/usr/bin/clang" -cc1 -triple x86_64-apple-macosx11.6.0 -Wundef-prefix=TARGET_OS_ -Wdeprecated-objc-isa-usage -Werror=deprecated-objc-isa-usage -Werror=implicit-function-declaration -emit-obj -mrelax-all --mrelax-relocations -disable-free -disable-llvm-verifier -discard-value-names -main-file-name CMakeCCompilerABI.c -mrelocation-model pic -pic-level 2 -mframe-pointer=all -fno-strict-return -fno-rounding-math -munwind-tables -target-sdk-version=12.1 -fvisibility-inlines-hidden-static-local-var -target-cpu penryn -tune-cpu generic -debugger-tuning=lldb -target-linker-version 711 -v -resource-dir /Applications/Xcode_13.2.1.app/Contents/Developer/Toolchains/XcodeDefault.xctoolchain/usr/lib/clang/13.0.0 -dependency-file CMakeFiles/cmTC_7bfc4.dir/CMakeCCompilerABI.c.o.d -skip-unused-modulemap-deps -MT CMakeFiles/cmTC_7bfc4.dir/CMakeCCompilerABI.c.o -sys-header-deps -isysroot /Applications/Xcode_13.2.1.app/Contents/Developer/Platforms/MacOSX.platform/Developer/SDKs/MacOSX12.1.sdk -internal-isystem /Applications/Xcode_13.2.1.app/Contents/Developer/Platforms/MacOSX.platform/Developer/SDKs/MacOSX12.1.sdk/usr/local/include -internal-isystem /Applications/Xcode_13.2.1.app/Contents/Developer/Toolchains/XcodeDefault.xctoolchain/usr/lib/clang/13.0.0/include -internal-externc-isystem /Applications/Xcode_13.2.1.app/Contents/Developer/Platforms/MacOSX.platform/Developer/SDKs/MacOSX12.1.sdk/usr/include -internal-externc-isystem /Applications/Xcode_13.2.1.app/Contents/Developer/Toolchains/XcodeDefault.xctoolchain/usr/include -Wno-reorder-init-list -Wno-implicit-int-float-conversion -Wno-c99-designator -Wno-final-dtor-non-final-class -Wno-extra-semi-stmt -Wno-misleading-indentation -Wno-quoted-include-in-framework-header -Wno-implicit-fallthrough -Wno-enum-enum-conversion -Wno-enum-float-conversion -Wno-elaborated-enum-base -fdebug-compilation-dir /Users/runner/work/omega-edit/omega-edit/build/CMakeFiles/CMakeTmp -ferror-limit 19 -stack-protector 1 -fstack-check -mdarwin-stkchk-strong-link -fblocks -fencode-extended-block-signature -fregister-global-dtors-with-atexit -fgnuc-version=4.2.1 -fmax-type-align=16 -fcommon -clang-vendor-feature=+nullptrToBoolConversion -clang-vendor-feature=+messageToSelfInClassMethodIdReturnType -clang-vendor-feature=+disableInferNewAvailabilityFromInit -clang-vendor-feature=+disableNeonImmediateRangeCheck -clang-vendor-feature=+disableNonDependentMemberExprInCurrentInstantiation -fno-odr-hash-protocols -clang-vendor-feature=+revert09abecef7bbf -mllvm -disable-aligned-alloc-awareness=1 -mllvm -enable-dse-memoryssa=0 -o CMakeFiles/cmTC_7bfc4.dir/CMakeCCompilerABI.c.o -x c /Users/runner/work/_temp/504157251/cmake-3.22.2-macos-universal/CMake.app/Contents/share/cmake-3.22/Modules/CMakeCCompilerABI.c]
  ignore line: [clang -cc1 version 13.0.0 (clang-1300.0.29.30) default target x86_64-apple-darwin20.6.0]
  ignore line: [ignoring nonexistent directory "/Applications/Xcode_13.2.1.app/Contents/Developer/Platforms/MacOSX.platform/Developer/SDKs/MacOSX12.1.sdk/usr/local/include"]
  ignore line: [ignoring nonexistent directory "/Applications/Xcode_13.2.1.app/Contents/Developer/Platforms/MacOSX.platform/Developer/SDKs/MacOSX12.1.sdk/Library/Frameworks"]
  ignore line: [#include "..." search starts here:]
  ignore line: [#include <...> search starts here:]
  ignore line: [ /Applications/Xcode_13.2.1.app/Contents/Developer/Toolchains/XcodeDefault.xctoolchain/usr/lib/clang/13.0.0/include]
  ignore line: [ /Applications/Xcode_13.2.1.app/Contents/Developer/Platforms/MacOSX.platform/Developer/SDKs/MacOSX12.1.sdk/usr/include]
  ignore line: [ /Applications/Xcode_13.2.1.app/Contents/Developer/Toolchains/XcodeDefault.xctoolchain/usr/include]
  ignore line: [ /Applications/Xcode_13.2.1.app/Contents/Developer/Platforms/MacOSX.platform/Developer/SDKs/MacOSX12.1.sdk/System/Library/Frameworks (framework directory)]
  ignore line: [End of search list.]
  ignore line: [Linking C executable cmTC_7bfc4]
  ignore line: [/Users/runner/work/_temp/504157251/cmake-3.22.2-macos-universal/CMake.app/Contents/bin/cmake -E cmake_link_script CMakeFiles/cmTC_7bfc4.dir/link.txt --verbose=1]
  ignore line: [/Applications/Xcode_13.2.1.app/Contents/Developer/Toolchains/XcodeDefault.xctoolchain/usr/bin/cc  -isysroot /Applications/Xcode_13.2.1.app/Contents/Developer/Platforms/MacOSX.platform/Developer/SDKs/MacOSX12.1.sdk -mmacosx-version-min=11.6 -Wl -search_paths_first -Wl -headerpad_max_install_names  -v -Wl -v CMakeFiles/cmTC_7bfc4.dir/CMakeCCompilerABI.c.o -o cmTC_7bfc4 ]
  ignore line: [Apple clang version 13.0.0 (clang-1300.0.29.30)]
  ignore line: [Target: x86_64-apple-darwin20.6.0]
  ignore line: [Thread model: posix]
  ignore line: [InstalledDir: /Applications/Xcode_13.2.1.app/Contents/Developer/Toolchains/XcodeDefault.xctoolchain/usr/bin]
  link line: [ "/Applications/Xcode_13.2.1.app/Contents/Developer/Toolchains/XcodeDefault.xctoolchain/usr/bin/ld" -demangle -lto_library /Applications/Xcode_13.2.1.app/Contents/Developer/Toolchains/XcodeDefault.xctoolchain/usr/lib/libLTO.dylib -dynamic -arch x86_64 -platform_version macos 11.6.0 12.1 -syslibroot /Applications/Xcode_13.2.1.app/Contents/Developer/Platforms/MacOSX.platform/Developer/SDKs/MacOSX12.1.sdk -o cmTC_7bfc4 -search_paths_first -headerpad_max_install_names -v CMakeFiles/cmTC_7bfc4.dir/CMakeCCompilerABI.c.o -lSystem /Applications/Xcode_13.2.1.app/Contents/Developer/Toolchains/XcodeDefault.xctoolchain/usr/lib/clang/13.0.0/lib/darwin/libclang_rt.osx.a]
    arg [/Applications/Xcode_13.2.1.app/Contents/Developer/Toolchains/XcodeDefault.xctoolchain/usr/bin/ld] ==> ignore
    arg [-demangle] ==> ignore
    arg [-lto_library] ==> ignore, skip following value
    arg [/Applications/Xcode_13.2.1.app/Contents/Developer/Toolchains/XcodeDefault.xctoolchain/usr/lib/libLTO.dylib] ==> skip value of -lto_library
    arg [-dynamic] ==> ignore
    arg [-arch] ==> ignore
    arg [x86_64] ==> ignore
    arg [-platform_version] ==> ignore
    arg [macos] ==> ignore
    arg [11.6.0] ==> ignore
    arg [12.1] ==> ignore
    arg [-syslibroot] ==> ignore
    arg [/Applications/Xcode_13.2.1.app/Contents/Developer/Platforms/MacOSX.platform/Developer/SDKs/MacOSX12.1.sdk] ==> ignore
    arg [-o] ==> ignore
    arg [cmTC_7bfc4] ==> ignore
    arg [-search_paths_first] ==> ignore
    arg [-headerpad_max_install_names] ==> ignore
    arg [-v] ==> ignore
    arg [CMakeFiles/cmTC_7bfc4.dir/CMakeCCompilerABI.c.o] ==> ignore
    arg [-lSystem] ==> lib [System]
    arg [/Applications/Xcode_13.2.1.app/Contents/Developer/Toolchains/XcodeDefault.xctoolchain/usr/lib/clang/13.0.0/lib/darwin/libclang_rt.osx.a] ==> lib [/Applications/Xcode_13.2.1.app/Contents/Developer/Toolchains/XcodeDefault.xctoolchain/usr/lib/clang/13.0.0/lib/darwin/libclang_rt.osx.a]
  Library search paths: [;/Applications/Xcode_13.2.1.app/Contents/Developer/Platforms/MacOSX.platform/Developer/SDKs/MacOSX12.1.sdk/usr/lib]
  Framework search paths: [;/Applications/Xcode_13.2.1.app/Contents/Developer/Platforms/MacOSX.platform/Developer/SDKs/MacOSX12.1.sdk/System/Library/Frameworks/]
  remove lib [System]
  remove lib [/Applications/Xcode_13.2.1.app/Contents/Developer/Toolchains/XcodeDefault.xctoolchain/usr/lib/clang/13.0.0/lib/darwin/libclang_rt.osx.a]
  collapse library dir [/Applications/Xcode_13.2.1.app/Contents/Developer/Platforms/MacOSX.platform/Developer/SDKs/MacOSX12.1.sdk/usr/lib] ==> [/Applications/Xcode_13.2.1.app/Contents/Developer/Platforms/MacOSX.platform/Developer/SDKs/MacOSX12.1.sdk/usr/lib]
  collapse framework dir [/Applications/Xcode_13.2.1.app/Contents/Developer/Platforms/MacOSX.platform/Developer/SDKs/MacOSX12.1.sdk/System/Library/Frameworks/] ==> [/Applications/Xcode_13.2.1.app/Contents/Developer/Platforms/MacOSX.platform/Developer/SDKs/MacOSX12.1.sdk/System/Library/Frameworks]
  implicit libs: []
  implicit objs: []
  implicit dirs: [/Applications/Xcode_13.2.1.app/Contents/Developer/Platforms/MacOSX.platform/Developer/SDKs/MacOSX12.1.sdk/usr/lib]
  implicit fwks: [/Applications/Xcode_13.2.1.app/Contents/Developer/Platforms/MacOSX.platform/Developer/SDKs/MacOSX12.1.sdk/System/Library/Frameworks]


Detecting CXX compiler ABI info compiled with the following output:
Change Dir: /Users/runner/work/omega-edit/omega-edit/build/CMakeFiles/CMakeTmp

Run Build Command(s):/usr/bin/make -f Makefile cmTC_b7f42/fast && /Applications/Xcode_13.2.1.app/Contents/Developer/usr/bin/make  -f CMakeFiles/cmTC_b7f42.dir/build.make CMakeFiles/cmTC_b7f42.dir/build
Building CXX object CMakeFiles/cmTC_b7f42.dir/CMakeCXXCompilerABI.cpp.o
/Applications/Xcode_13.2.1.app/Contents/Developer/Toolchains/XcodeDefault.xctoolchain/usr/bin/c++   -isysroot /Applications/Xcode_13.2.1.app/Contents/Developer/Platforms/MacOSX.platform/Developer/SDKs/MacOSX12.1.sdk -mmacosx-version-min=11.6   -v -Wl,-v -MD -MT CMakeFiles/cmTC_b7f42.dir/CMakeCXXCompilerABI.cpp.o -MF CMakeFiles/cmTC_b7f42.dir/CMakeCXXCompilerABI.cpp.o.d -o CMakeFiles/cmTC_b7f42.dir/CMakeCXXCompilerABI.cpp.o -c /Users/runner/work/_temp/504157251/cmake-3.22.2-macos-universal/CMake.app/Contents/share/cmake-3.22/Modules/CMakeCXXCompilerABI.cpp
Apple clang version 13.0.0 (clang-1300.0.29.30)
Target: x86_64-apple-darwin20.6.0
Thread model: posix
InstalledDir: /Applications/Xcode_13.2.1.app/Contents/Developer/Toolchains/XcodeDefault.xctoolchain/usr/bin
clang: warning: -Wl,-v: 'linker' input unused [-Wunused-command-line-argument]
 "/Applications/Xcode_13.2.1.app/Contents/Developer/Toolchains/XcodeDefault.xctoolchain/usr/bin/clang" -cc1 -triple x86_64-apple-macosx11.6.0 -Wundef-prefix=TARGET_OS_ -Wdeprecated-objc-isa-usage -Werror=deprecated-objc-isa-usage -Werror=implicit-function-declaration -emit-obj -mrelax-all --mrelax-relocations -disable-free -disable-llvm-verifier -discard-value-names -main-file-name CMakeCXXCompilerABI.cpp -mrelocation-model pic -pic-level 2 -mframe-pointer=all -fno-strict-return -fno-rounding-math -munwind-tables -target-sdk-version=12.1 -fvisibility-inlines-hidden-static-local-var -target-cpu penryn -tune-cpu generic -debugger-tuning=lldb -target-linker-version 711 -v -resource-dir /Applications/Xcode_13.2.1.app/Contents/Developer/Toolchains/XcodeDefault.xctoolchain/usr/lib/clang/13.0.0 -dependency-file CMakeFiles/cmTC_b7f42.dir/CMakeCXXCompilerABI.cpp.o.d -skip-unused-modulemap-deps -MT CMakeFiles/cmTC_b7f42.dir/CMakeCXXCompilerABI.cpp.o -sys-header-deps -isysroot /Applications/Xcode_13.2.1.app/Contents/Developer/Platforms/MacOSX.platform/Developer/SDKs/MacOSX12.1.sdk -stdlib=libc++ -internal-isystem /Applications/Xcode_13.2.1.app/Contents/Developer/Platforms/MacOSX.platform/Developer/SDKs/MacOSX12.1.sdk/usr/include/c++/v1 -internal-isystem /Applications/Xcode_13.2.1.app/Contents/Developer/Platforms/MacOSX.platform/Developer/SDKs/MacOSX12.1.sdk/usr/local/include -internal-isystem /Applications/Xcode_13.2.1.app/Contents/Developer/Toolchains/XcodeDefault.xctoolchain/usr/lib/clang/13.0.0/include -internal-externc-isystem /Applications/Xcode_13.2.1.app/Contents/Developer/Platforms/MacOSX.platform/Developer/SDKs/MacOSX12.1.sdk/usr/include -internal-externc-isystem /Applications/Xcode_13.2.1.app/Contents/Developer/Toolchains/XcodeDefault.xctoolchain/usr/include -Wno-reorder-init-list -Wno-implicit-int-float-conversion -Wno-c99-designator -Wno-final-dtor-non-final-class -Wno-extra-semi-stmt -Wno-misleading-indentation -Wno-quoted-include-in-framework-header -Wno-implicit-fallthrough -Wno-enum-enum-conversion -Wno-enum-float-conversion -Wno-elaborated-enum-base -fdeprecated-macro -fdebug-compilation-dir /Users/runner/work/omega-edit/omega-edit/build/CMakeFiles/CMakeTmp -ferror-limit 19 -stack-protector 1 -fstack-check -mdarwin-stkchk-strong-link -fblocks -fencode-extended-block-signature -fregister-global-dtors-with-atexit -fgnuc-version=4.2.1 -fno-cxx-modules -fcxx-exceptions -fexceptions -fmax-type-align=16 -fcommon -clang-vendor-feature=+nullptrToBoolConversion -clang-vendor-feature=+messageToSelfInClassMethodIdReturnType -clang-vendor-feature=+disableInferNewAvailabilityFromInit -clang-vendor-feature=+disableNeonImmediateRangeCheck -clang-vendor-feature=+disableNonDependentMemberExprInCurrentInstantiation -fno-odr-hash-protocols -clang-vendor-feature=+revert09abecef7bbf -mllvm -disable-aligned-alloc-awareness=1 -mllvm -enable-dse-memoryssa=0 -o CMakeFiles/cmTC_b7f42.dir/CMakeCXXCompilerABI.cpp.o -x c++ /Users/runner/work/_temp/504157251/cmake-3.22.2-macos-universal/CMake.app/Contents/share/cmake-3.22/Modules/CMakeCXXCompilerABI.cpp
clang -cc1 version 13.0.0 (clang-1300.0.29.30) default target x86_64-apple-darwin20.6.0
ignoring nonexistent directory "/Applications/Xcode_13.2.1.app/Contents/Developer/Platforms/MacOSX.platform/Developer/SDKs/MacOSX12.1.sdk/usr/local/include"
ignoring nonexistent directory "/Applications/Xcode_13.2.1.app/Contents/Developer/Platforms/MacOSX.platform/Developer/SDKs/MacOSX12.1.sdk/Library/Frameworks"
#include "..." search starts here:
#include <...> search starts here:
 /Applications/Xcode_13.2.1.app/Contents/Developer/Platforms/MacOSX.platform/Developer/SDKs/MacOSX12.1.sdk/usr/include/c++/v1
 /Applications/Xcode_13.2.1.app/Contents/Developer/Toolchains/XcodeDefault.xctoolchain/usr/lib/clang/13.0.0/include
 /Applications/Xcode_13.2.1.app/Contents/Developer/Platforms/MacOSX.platform/Developer/SDKs/MacOSX12.1.sdk/usr/include
 /Applications/Xcode_13.2.1.app/Contents/Developer/Toolchains/XcodeDefault.xctoolchain/usr/include
 /Applications/Xcode_13.2.1.app/Contents/Developer/Platforms/MacOSX.platform/Developer/SDKs/MacOSX12.1.sdk/System/Library/Frameworks (framework directory)
End of search list.
Linking CXX executable cmTC_b7f42
/Users/runner/work/_temp/504157251/cmake-3.22.2-macos-universal/CMake.app/Contents/bin/cmake -E cmake_link_script CMakeFiles/cmTC_b7f42.dir/link.txt --verbose=1
/Applications/Xcode_13.2.1.app/Contents/Developer/Toolchains/XcodeDefault.xctoolchain/usr/bin/c++  -isysroot /Applications/Xcode_13.2.1.app/Contents/Developer/Platforms/MacOSX.platform/Developer/SDKs/MacOSX12.1.sdk -mmacosx-version-min=11.6 -Wl,-search_paths_first -Wl,-headerpad_max_install_names  -v -Wl,-v CMakeFiles/cmTC_b7f42.dir/CMakeCXXCompilerABI.cpp.o -o cmTC_b7f42 
Apple clang version 13.0.0 (clang-1300.0.29.30)
Target: x86_64-apple-darwin20.6.0
Thread model: posix
InstalledDir: /Applications/Xcode_13.2.1.app/Contents/Developer/Toolchains/XcodeDefault.xctoolchain/usr/bin
 "/Applications/Xcode_13.2.1.app/Contents/Developer/Toolchains/XcodeDefault.xctoolchain/usr/bin/ld" -demangle -lto_library /Applications/Xcode_13.2.1.app/Contents/Developer/Toolchains/XcodeDefault.xctoolchain/usr/lib/libLTO.dylib -dynamic -arch x86_64 -platform_version macos 11.6.0 12.1 -syslibroot /Applications/Xcode_13.2.1.app/Contents/Developer/Platforms/MacOSX.platform/Developer/SDKs/MacOSX12.1.sdk -o cmTC_b7f42 -search_paths_first -headerpad_max_install_names -v CMakeFiles/cmTC_b7f42.dir/CMakeCXXCompilerABI.cpp.o -lc++ -lSystem /Applications/Xcode_13.2.1.app/Contents/Developer/Toolchains/XcodeDefault.xctoolchain/usr/lib/clang/13.0.0/lib/darwin/libclang_rt.osx.a
@(#)PROGRAM:ld  PROJECT:ld64-711
BUILD 21:57:11 Nov 17 2021
configured to support archs: armv6 armv7 armv7s arm64 arm64e arm64_32 i386 x86_64 x86_64h armv6m armv7k armv7m armv7em
Library search paths:
	/Applications/Xcode_13.2.1.app/Contents/Developer/Platforms/MacOSX.platform/Developer/SDKs/MacOSX12.1.sdk/usr/lib
Framework search paths:
	/Applications/Xcode_13.2.1.app/Contents/Developer/Platforms/MacOSX.platform/Developer/SDKs/MacOSX12.1.sdk/System/Library/Frameworks/



Parsed CXX implicit include dir info from above output: rv=done
  found start of include info
  found start of implicit include info
    add: [/Applications/Xcode_13.2.1.app/Contents/Developer/Platforms/MacOSX.platform/Developer/SDKs/MacOSX12.1.sdk/usr/include/c++/v1]
    add: [/Applications/Xcode_13.2.1.app/Contents/Developer/Toolchains/XcodeDefault.xctoolchain/usr/lib/clang/13.0.0/include]
    add: [/Applications/Xcode_13.2.1.app/Contents/Developer/Platforms/MacOSX.platform/Developer/SDKs/MacOSX12.1.sdk/usr/include]
    add: [/Applications/Xcode_13.2.1.app/Contents/Developer/Toolchains/XcodeDefault.xctoolchain/usr/include]
  end of search list found
  collapse include dir [/Applications/Xcode_13.2.1.app/Contents/Developer/Platforms/MacOSX.platform/Developer/SDKs/MacOSX12.1.sdk/usr/include/c++/v1] ==> [/Applications/Xcode_13.2.1.app/Contents/Developer/Platforms/MacOSX.platform/Developer/SDKs/MacOSX12.1.sdk/usr/include/c++/v1]
  collapse include dir [/Applications/Xcode_13.2.1.app/Contents/Developer/Toolchains/XcodeDefault.xctoolchain/usr/lib/clang/13.0.0/include] ==> [/Applications/Xcode_13.2.1.app/Contents/Developer/Toolchains/XcodeDefault.xctoolchain/usr/lib/clang/13.0.0/include]
  collapse include dir [/Applications/Xcode_13.2.1.app/Contents/Developer/Platforms/MacOSX.platform/Developer/SDKs/MacOSX12.1.sdk/usr/include] ==> [/Applications/Xcode_13.2.1.app/Contents/Developer/Platforms/MacOSX.platform/Developer/SDKs/MacOSX12.1.sdk/usr/include]
  collapse include dir [/Applications/Xcode_13.2.1.app/Contents/Developer/Toolchains/XcodeDefault.xctoolchain/usr/include] ==> [/Applications/Xcode_13.2.1.app/Contents/Developer/Toolchains/XcodeDefault.xctoolchain/usr/include]
  implicit include dirs: [/Applications/Xcode_13.2.1.app/Contents/Developer/Platforms/MacOSX.platform/Developer/SDKs/MacOSX12.1.sdk/usr/include/c++/v1;/Applications/Xcode_13.2.1.app/Contents/Developer/Toolchains/XcodeDefault.xctoolchain/usr/lib/clang/13.0.0/include;/Applications/Xcode_13.2.1.app/Contents/Developer/Platforms/MacOSX.platform/Developer/SDKs/MacOSX12.1.sdk/usr/include;/Applications/Xcode_13.2.1.app/Contents/Developer/Toolchains/XcodeDefault.xctoolchain/usr/include]


Parsed CXX implicit link information from above output:
  link line regex: [^( *|.*[/\])(ld|CMAKE_LINK_STARTFILE-NOTFOUND|([^/\]+-)?ld|collect2)[^/\]*( |$)]
  ignore line: [Change Dir: /Users/runner/work/omega-edit/omega-edit/build/CMakeFiles/CMakeTmp]
  ignore line: []
  ignore line: [Run Build Command(s):/usr/bin/make -f Makefile cmTC_b7f42/fast && /Applications/Xcode_13.2.1.app/Contents/Developer/usr/bin/make  -f CMakeFiles/cmTC_b7f42.dir/build.make CMakeFiles/cmTC_b7f42.dir/build]
  ignore line: [Building CXX object CMakeFiles/cmTC_b7f42.dir/CMakeCXXCompilerABI.cpp.o]
  ignore line: [/Applications/Xcode_13.2.1.app/Contents/Developer/Toolchains/XcodeDefault.xctoolchain/usr/bin/c++   -isysroot /Applications/Xcode_13.2.1.app/Contents/Developer/Platforms/MacOSX.platform/Developer/SDKs/MacOSX12.1.sdk -mmacosx-version-min=11.6   -v -Wl -v -MD -MT CMakeFiles/cmTC_b7f42.dir/CMakeCXXCompilerABI.cpp.o -MF CMakeFiles/cmTC_b7f42.dir/CMakeCXXCompilerABI.cpp.o.d -o CMakeFiles/cmTC_b7f42.dir/CMakeCXXCompilerABI.cpp.o -c /Users/runner/work/_temp/504157251/cmake-3.22.2-macos-universal/CMake.app/Contents/share/cmake-3.22/Modules/CMakeCXXCompilerABI.cpp]
  ignore line: [Apple clang version 13.0.0 (clang-1300.0.29.30)]
  ignore line: [Target: x86_64-apple-darwin20.6.0]
  ignore line: [Thread model: posix]
  ignore line: [InstalledDir: /Applications/Xcode_13.2.1.app/Contents/Developer/Toolchains/XcodeDefault.xctoolchain/usr/bin]
  ignore line: [clang: warning: -Wl -v: 'linker' input unused [-Wunused-command-line-argument]]
  ignore line: [ "/Applications/Xcode_13.2.1.app/Contents/Developer/Toolchains/XcodeDefault.xctoolchain/usr/bin/clang" -cc1 -triple x86_64-apple-macosx11.6.0 -Wundef-prefix=TARGET_OS_ -Wdeprecated-objc-isa-usage -Werror=deprecated-objc-isa-usage -Werror=implicit-function-declaration -emit-obj -mrelax-all --mrelax-relocations -disable-free -disable-llvm-verifier -discard-value-names -main-file-name CMakeCXXCompilerABI.cpp -mrelocation-model pic -pic-level 2 -mframe-pointer=all -fno-strict-return -fno-rounding-math -munwind-tables -target-sdk-version=12.1 -fvisibility-inlines-hidden-static-local-var -target-cpu penryn -tune-cpu generic -debugger-tuning=lldb -target-linker-version 711 -v -resource-dir /Applications/Xcode_13.2.1.app/Contents/Developer/Toolchains/XcodeDefault.xctoolchain/usr/lib/clang/13.0.0 -dependency-file CMakeFiles/cmTC_b7f42.dir/CMakeCXXCompilerABI.cpp.o.d -skip-unused-modulemap-deps -MT CMakeFiles/cmTC_b7f42.dir/CMakeCXXCompilerABI.cpp.o -sys-header-deps -isysroot /Applications/Xcode_13.2.1.app/Contents/Developer/Platforms/MacOSX.platform/Developer/SDKs/MacOSX12.1.sdk -stdlib=libc++ -internal-isystem /Applications/Xcode_13.2.1.app/Contents/Developer/Platforms/MacOSX.platform/Developer/SDKs/MacOSX12.1.sdk/usr/include/c++/v1 -internal-isystem /Applications/Xcode_13.2.1.app/Contents/Developer/Platforms/MacOSX.platform/Developer/SDKs/MacOSX12.1.sdk/usr/local/include -internal-isystem /Applications/Xcode_13.2.1.app/Contents/Developer/Toolchains/XcodeDefault.xctoolchain/usr/lib/clang/13.0.0/include -internal-externc-isystem /Applications/Xcode_13.2.1.app/Contents/Developer/Platforms/MacOSX.platform/Developer/SDKs/MacOSX12.1.sdk/usr/include -internal-externc-isystem /Applications/Xcode_13.2.1.app/Contents/Developer/Toolchains/XcodeDefault.xctoolchain/usr/include -Wno-reorder-init-list -Wno-implicit-int-float-conversion -Wno-c99-designator -Wno-final-dtor-non-final-class -Wno-extra-semi-stmt -Wno-misleading-indentation -Wno-quoted-include-in-framework-header -Wno-implicit-fallthrough -Wno-enum-enum-conversion -Wno-enum-float-conversion -Wno-elaborated-enum-base -fdeprecated-macro -fdebug-compilation-dir /Users/runner/work/omega-edit/omega-edit/build/CMakeFiles/CMakeTmp -ferror-limit 19 -stack-protector 1 -fstack-check -mdarwin-stkchk-strong-link -fblocks -fencode-extended-block-signature -fregister-global-dtors-with-atexit -fgnuc-version=4.2.1 -fno-cxx-modules -fcxx-exceptions -fexceptions -fmax-type-align=16 -fcommon -clang-vendor-feature=+nullptrToBoolConversion -clang-vendor-feature=+messageToSelfInClassMethodIdReturnType -clang-vendor-feature=+disableInferNewAvailabilityFromInit -clang-vendor-feature=+disableNeonImmediateRangeCheck -clang-vendor-feature=+disableNonDependentMemberExprInCurrentInstantiation -fno-odr-hash-protocols -clang-vendor-feature=+revert09abecef7bbf -mllvm -disable-aligned-alloc-awareness=1 -mllvm -enable-dse-memoryssa=0 -o CMakeFiles/cmTC_b7f42.dir/CMakeCXXCompilerABI.cpp.o -x c++ /Users/runner/work/_temp/504157251/cmake-3.22.2-macos-universal/CMake.app/Contents/share/cmake-3.22/Modules/CMakeCXXCompilerABI.cpp]
  ignore line: [clang -cc1 version 13.0.0 (clang-1300.0.29.30) default target x86_64-apple-darwin20.6.0]
  ignore line: [ignoring nonexistent directory "/Applications/Xcode_13.2.1.app/Contents/Developer/Platforms/MacOSX.platform/Developer/SDKs/MacOSX12.1.sdk/usr/local/include"]
  ignore line: [ignoring nonexistent directory "/Applications/Xcode_13.2.1.app/Contents/Developer/Platforms/MacOSX.platform/Developer/SDKs/MacOSX12.1.sdk/Library/Frameworks"]
  ignore line: [#include "..." search starts here:]
  ignore line: [#include <...> search starts here:]
  ignore line: [ /Applications/Xcode_13.2.1.app/Contents/Developer/Platforms/MacOSX.platform/Developer/SDKs/MacOSX12.1.sdk/usr/include/c++/v1]
  ignore line: [ /Applications/Xcode_13.2.1.app/Contents/Developer/Toolchains/XcodeDefault.xctoolchain/usr/lib/clang/13.0.0/include]
  ignore line: [ /Applications/Xcode_13.2.1.app/Contents/Developer/Platforms/MacOSX.platform/Developer/SDKs/MacOSX12.1.sdk/usr/include]
  ignore line: [ /Applications/Xcode_13.2.1.app/Contents/Developer/Toolchains/XcodeDefault.xctoolchain/usr/include]
  ignore line: [ /Applications/Xcode_13.2.1.app/Contents/Developer/Platforms/MacOSX.platform/Developer/SDKs/MacOSX12.1.sdk/System/Library/Frameworks (framework directory)]
  ignore line: [End of search list.]
  ignore line: [Linking CXX executable cmTC_b7f42]
  ignore line: [/Users/runner/work/_temp/504157251/cmake-3.22.2-macos-universal/CMake.app/Contents/bin/cmake -E cmake_link_script CMakeFiles/cmTC_b7f42.dir/link.txt --verbose=1]
  ignore line: [/Applications/Xcode_13.2.1.app/Contents/Developer/Toolchains/XcodeDefault.xctoolchain/usr/bin/c++  -isysroot /Applications/Xcode_13.2.1.app/Contents/Developer/Platforms/MacOSX.platform/Developer/SDKs/MacOSX12.1.sdk -mmacosx-version-min=11.6 -Wl -search_paths_first -Wl -headerpad_max_install_names  -v -Wl -v CMakeFiles/cmTC_b7f42.dir/CMakeCXXCompilerABI.cpp.o -o cmTC_b7f42 ]
  ignore line: [Apple clang version 13.0.0 (clang-1300.0.29.30)]
  ignore line: [Target: x86_64-apple-darwin20.6.0]
  ignore line: [Thread model: posix]
  ignore line: [InstalledDir: /Applications/Xcode_13.2.1.app/Contents/Developer/Toolchains/XcodeDefault.xctoolchain/usr/bin]
  link line: [ "/Applications/Xcode_13.2.1.app/Contents/Developer/Toolchains/XcodeDefault.xctoolchain/usr/bin/ld" -demangle -lto_library /Applications/Xcode_13.2.1.app/Contents/Developer/Toolchains/XcodeDefault.xctoolchain/usr/lib/libLTO.dylib -dynamic -arch x86_64 -platform_version macos 11.6.0 12.1 -syslibroot /Applications/Xcode_13.2.1.app/Contents/Developer/Platforms/MacOSX.platform/Developer/SDKs/MacOSX12.1.sdk -o cmTC_b7f42 -search_paths_first -headerpad_max_install_names -v CMakeFiles/cmTC_b7f42.dir/CMakeCXXCompilerABI.cpp.o -lc++ -lSystem /Applications/Xcode_13.2.1.app/Contents/Developer/Toolchains/XcodeDefault.xctoolchain/usr/lib/clang/13.0.0/lib/darwin/libclang_rt.osx.a]
    arg [/Applications/Xcode_13.2.1.app/Contents/Developer/Toolchains/XcodeDefault.xctoolchain/usr/bin/ld] ==> ignore
    arg [-demangle] ==> ignore
    arg [-lto_library] ==> ignore, skip following value
    arg [/Applications/Xcode_13.2.1.app/Contents/Developer/Toolchains/XcodeDefault.xctoolchain/usr/lib/libLTO.dylib] ==> skip value of -lto_library
    arg [-dynamic] ==> ignore
    arg [-arch] ==> ignore
    arg [x86_64] ==> ignore
    arg [-platform_version] ==> ignore
    arg [macos] ==> ignore
    arg [11.6.0] ==> ignore
    arg [12.1] ==> ignore
    arg [-syslibroot] ==> ignore
    arg [/Applications/Xcode_13.2.1.app/Contents/Developer/Platforms/MacOSX.platform/Developer/SDKs/MacOSX12.1.sdk] ==> ignore
    arg [-o] ==> ignore
    arg [cmTC_b7f42] ==> ignore
    arg [-search_paths_first] ==> ignore
    arg [-headerpad_max_install_names] ==> ignore
    arg [-v] ==> ignore
    arg [CMakeFiles/cmTC_b7f42.dir/CMakeCXXCompilerABI.cpp.o] ==> ignore
    arg [-lc++] ==> lib [c++]
    arg [-lSystem] ==> lib [System]
    arg [/Applications/Xcode_13.2.1.app/Contents/Developer/Toolchains/XcodeDefault.xctoolchain/usr/lib/clang/13.0.0/lib/darwin/libclang_rt.osx.a] ==> lib [/Applications/Xcode_13.2.1.app/Contents/Developer/Toolchains/XcodeDefault.xctoolchain/usr/lib/clang/13.0.0/lib/darwin/libclang_rt.osx.a]
  Library search paths: [;/Applications/Xcode_13.2.1.app/Contents/Developer/Platforms/MacOSX.platform/Developer/SDKs/MacOSX12.1.sdk/usr/lib]
  Framework search paths: [;/Applications/Xcode_13.2.1.app/Contents/Developer/Platforms/MacOSX.platform/Developer/SDKs/MacOSX12.1.sdk/System/Library/Frameworks/]
  remove lib [System]
  remove lib [/Applications/Xcode_13.2.1.app/Contents/Developer/Toolchains/XcodeDefault.xctoolchain/usr/lib/clang/13.0.0/lib/darwin/libclang_rt.osx.a]
  collapse library dir [/Applications/Xcode_13.2.1.app/Contents/Developer/Platforms/MacOSX.platform/Developer/SDKs/MacOSX12.1.sdk/usr/lib] ==> [/Applications/Xcode_13.2.1.app/Contents/Developer/Platforms/MacOSX.platform/Developer/SDKs/MacOSX12.1.sdk/usr/lib]
  collapse framework dir [/Applications/Xcode_13.2.1.app/Contents/Developer/Platforms/MacOSX.platform/Developer/SDKs/MacOSX12.1.sdk/System/Library/Frameworks/] ==> [/Applications/Xcode_13.2.1.app/Contents/Developer/Platforms/MacOSX.platform/Developer/SDKs/MacOSX12.1.sdk/System/Library/Frameworks]
  implicit libs: [c++]
  implicit objs: []
  implicit dirs: [/Applications/Xcode_13.2.1.app/Contents/Developer/Platforms/MacOSX.platform/Developer/SDKs/MacOSX12.1.sdk/usr/lib]
  implicit fwks: [/Applications/Xcode_13.2.1.app/Contents/Developer/Platforms/MacOSX.platform/Developer/SDKs/MacOSX12.1.sdk/System/Library/Frameworks]


Performing C++ SOURCE FILE Test COMPILER_HAS_HIDDEN_VISIBILITY succeeded with the following output:
Change Dir: /Users/runner/work/omega-edit/omega-edit/build/CMakeFiles/CMakeTmp

Run Build Command(s):/usr/bin/make -f Makefile cmTC_e6477/fast && /Applications/Xcode_13.2.1.app/Contents/Developer/usr/bin/make  -f CMakeFiles/cmTC_e6477.dir/build.make CMakeFiles/cmTC_e6477.dir/build
Building CXX object CMakeFiles/cmTC_e6477.dir/src.cxx.o
/Applications/Xcode_13.2.1.app/Contents/Developer/Toolchains/XcodeDefault.xctoolchain/usr/bin/c++ -DCOMPILER_HAS_HIDDEN_VISIBILITY  -isysroot /Applications/Xcode_13.2.1.app/Contents/Developer/Platforms/MacOSX.platform/Developer/SDKs/MacOSX12.1.sdk -mmacosx-version-min=11.6   -fvisibility=hidden -std=gnu++14 -MD -MT CMakeFiles/cmTC_e6477.dir/src.cxx.o -MF CMakeFiles/cmTC_e6477.dir/src.cxx.o.d -o CMakeFiles/cmTC_e6477.dir/src.cxx.o -c /Users/runner/work/omega-edit/omega-edit/build/CMakeFiles/CMakeTmp/src.cxx
Linking CXX executable cmTC_e6477
/Users/runner/work/_temp/504157251/cmake-3.22.2-macos-universal/CMake.app/Contents/bin/cmake -E cmake_link_script CMakeFiles/cmTC_e6477.dir/link.txt --verbose=1
/Applications/Xcode_13.2.1.app/Contents/Developer/Toolchains/XcodeDefault.xctoolchain/usr/bin/c++  -isysroot /Applications/Xcode_13.2.1.app/Contents/Developer/Platforms/MacOSX.platform/Developer/SDKs/MacOSX12.1.sdk -mmacosx-version-min=11.6 -Wl,-search_paths_first -Wl,-headerpad_max_install_names CMakeFiles/cmTC_e6477.dir/src.cxx.o -o cmTC_e6477 


Source file was:
int main() { return 0; }
Performing C++ SOURCE FILE Test COMPILER_HAS_HIDDEN_INLINE_VISIBILITY succeeded with the following output:
Change Dir: /Users/runner/work/omega-edit/omega-edit/build/CMakeFiles/CMakeTmp

Run Build Command(s):/usr/bin/make -f Makefile cmTC_bfeff/fast && /Applications/Xcode_13.2.1.app/Contents/Developer/usr/bin/make  -f CMakeFiles/cmTC_bfeff.dir/build.make CMakeFiles/cmTC_bfeff.dir/build
Building CXX object CMakeFiles/cmTC_bfeff.dir/src.cxx.o
/Applications/Xcode_13.2.1.app/Contents/Developer/Toolchains/XcodeDefault.xctoolchain/usr/bin/c++ -DCOMPILER_HAS_HIDDEN_INLINE_VISIBILITY  -isysroot /Applications/Xcode_13.2.1.app/Contents/Developer/Platforms/MacOSX.platform/Developer/SDKs/MacOSX12.1.sdk -mmacosx-version-min=11.6   -fvisibility-inlines-hidden -std=gnu++14 -MD -MT CMakeFiles/cmTC_bfeff.dir/src.cxx.o -MF CMakeFiles/cmTC_bfeff.dir/src.cxx.o.d -o CMakeFiles/cmTC_bfeff.dir/src.cxx.o -c /Users/runner/work/omega-edit/omega-edit/build/CMakeFiles/CMakeTmp/src.cxx
Linking CXX executable cmTC_bfeff
/Users/runner/work/_temp/504157251/cmake-3.22.2-macos-universal/CMake.app/Contents/bin/cmake -E cmake_link_script CMakeFiles/cmTC_bfeff.dir/link.txt --verbose=1
/Applications/Xcode_13.2.1.app/Contents/Developer/Toolchains/XcodeDefault.xctoolchain/usr/bin/c++  -isysroot /Applications/Xcode_13.2.1.app/Contents/Developer/Platforms/MacOSX.platform/Developer/SDKs/MacOSX12.1.sdk -mmacosx-version-min=11.6 -Wl,-search_paths_first -Wl,-headerpad_max_install_names CMakeFiles/cmTC_bfeff.dir/src.cxx.o -o cmTC_bfeff 


Source file was:
int main() { return 0; }
Performing C++ SOURCE FILE Test COMPILER_HAS_DEPRECATED_ATTR succeeded with the following output:
Change Dir: /Users/runner/work/omega-edit/omega-edit/build/CMakeFiles/CMakeTmp

Run Build Command(s):/usr/bin/make -f Makefile cmTC_9550f/fast && /Applications/Xcode_13.2.1.app/Contents/Developer/usr/bin/make  -f CMakeFiles/cmTC_9550f.dir/build.make CMakeFiles/cmTC_9550f.dir/build
Building CXX object CMakeFiles/cmTC_9550f.dir/src.cxx.o
/Applications/Xcode_13.2.1.app/Contents/Developer/Toolchains/XcodeDefault.xctoolchain/usr/bin/c++ -DCOMPILER_HAS_DEPRECATED_ATTR  -isysroot /Applications/Xcode_13.2.1.app/Contents/Developer/Platforms/MacOSX.platform/Developer/SDKs/MacOSX12.1.sdk -mmacosx-version-min=11.6 -std=gnu++14 -MD -MT CMakeFiles/cmTC_9550f.dir/src.cxx.o -MF CMakeFiles/cmTC_9550f.dir/src.cxx.o.d -o CMakeFiles/cmTC_9550f.dir/src.cxx.o -c /Users/runner/work/omega-edit/omega-edit/build/CMakeFiles/CMakeTmp/src.cxx
/Users/runner/work/omega-edit/omega-edit/build/CMakeFiles/CMakeTmp/src.cxx:2:25: warning: 'somefunc' is deprecated [-Wdeprecated-declarations]
    int main() { return somefunc();}
                        ^
/Users/runner/work/omega-edit/omega-edit/build/CMakeFiles/CMakeTmp/src.cxx:1:16: note: 'somefunc' has been explicitly marked deprecated here
__attribute__((__deprecated__)) int somefunc() { return 0; }
               ^
1 warning generated.
Linking CXX executable cmTC_9550f
/Users/runner/work/_temp/504157251/cmake-3.22.2-macos-universal/CMake.app/Contents/bin/cmake -E cmake_link_script CMakeFiles/cmTC_9550f.dir/link.txt --verbose=1
/Applications/Xcode_13.2.1.app/Contents/Developer/Toolchains/XcodeDefault.xctoolchain/usr/bin/c++  -isysroot /Applications/Xcode_13.2.1.app/Contents/Developer/Platforms/MacOSX.platform/Developer/SDKs/MacOSX12.1.sdk -mmacosx-version-min=11.6 -Wl,-search_paths_first -Wl,-headerpad_max_install_names CMakeFiles/cmTC_9550f.dir/src.cxx.o -o cmTC_9550f 


Source file was:
__attribute__((__deprecated__)) int somefunc() { return 0; }
    int main() { return somefunc();}
